C51 COMPILER V9.60.7.0   TU_USART0                                                         01/07/2024 17:35:52 PAGE 1   


C51 COMPILER V9.60.7.0, COMPILATION OF MODULE TU_USART0
OBJECT MODULE PLACED IN .\Objects\tu_usart0.obj
COMPILER INVOKED BY: C:\Keil_v5\C51\BIN\C51.EXE tu_usart0.c OPTIMIZE(0,SPEED) BROWSE DEBUG OBJECTEXTEND PRINT(.\Listings
                    -\tu_usart0.lst) TABS(2) OBJECT(.\Objects\tu_usart0.obj)

line level    source

   1          #include <REG51F380.H>
   2          #include <stdio.h>
   3          #include "config_platform.h"
   4          #include "serialIO.h"
   5          #include "timer2_delay.h"
   6          
   7          char code message0[] = "Hello uart0 m0\r\n";
   8          char code message1[] = "Hello uart0 m1\r\n";
   9          
  10          void main(void){
  11   1        char c = 0;
  12   1        char code *ptr;
  13   1        Init_Device();
  14   1        uart0_initialize();
  15   1      
  16   1        timer2_init_auto(-40000);
  17   1      
  18   1        //Set by hardware when the Timer 2 high byte overflows from 0xFF to 0x00. In 16 bit 
  19   1        //mode, this will occur when Timer 2 overflows from 0xFFFF to 0x0000.   
  20   1        TF2H = 0; 
  21   1        // Enable Flag Timer 2 Overflow
  22   1        // Timer 2 Run Control. Timer 2 is enabled by setting this bit to 1. 
  23   1        TR2 = 1;
  24   1        
  25   1        
  26   1        EA=1;
  27   1        
  28   1          
  29   1        for(ptr = (char code*)message0; *ptr!= '\0'; ptr++){
  30   2          while(uart0_putchar(*ptr)== -ENOBUFS);
  31   2        }
  32   1        
  33   1        printf(message1);
  34   1        
  35   1        
  36   1        while(1) {
  37   2          c = _getkey();
  38   2          putchar(c);
  39   2          //putchar('\n');
  40   2        }
  41   1        
  42   1      }


MODULE INFORMATION:   STATIC OVERLAYABLE
   CODE SIZE        =     92    ----
   CONSTANT SIZE    =     34    ----
   XDATA SIZE       =   ----    ----
   PDATA SIZE       =   ----    ----
   DATA SIZE        =      3    ----
   IDATA SIZE       =   ----    ----
   BIT SIZE         =   ----    ----
END OF MODULE INFORMATION.


C51 COMPILATION COMPLETE.  0 WARNING(S),  0 ERROR(S)
