C51 COMPILER V9.60.7.0   DEBOUNCE                                                          09/27/2023 21:44:09 PAGE 1   


C51 COMPILER V9.60.7.0, COMPILATION OF MODULE DEBOUNCE
OBJECT MODULE PLACED IN .\Objects\debounce.obj
COMPILER INVOKED BY: C:\Keil_v5\C51\BIN\C51.EXE debounce.c OPTIMIZE(0,SPEED) BROWSE DEBUG OBJECTEXTEND PRINT(.\Listings\
                    -debounce.lst) TABS(2) OBJECT(.\Objects\debounce.obj)

line level    source

   1          #include <SI_EFM8BB3_Register_Enums.h>
*** WARNING C318 IN LINE 1 OF debounce.c: can't open file 'SI_EFM8BB3_Register_Enums.h'
   2          #include <stdio.h>
   3          #include "debounce.h"
   4          
   5          sbit PB1 = P0^6;
*** ERROR C202 IN LINE 5 OF debounce.c: 'P0': undefined identifier
   6          sbit PB2 = P0^7;
*** ERROR C202 IN LINE 6 OF debounce.c: 'P0': undefined identifier
   7          bit d_key, d_key_n, d_key_pb1, d_key_pb2, d_key_pb1_n, d_key_pb2_n, pin;
   8          volatile unsigned char count_ones, count_ones_pb1, count_ones_pb2;
   9          volatile unsigned char window, window_pb1, window_pb2;
  10          
  11          void debounce_pb1(void){
  12   1        d_key_pb1_n = d_key_pb1;
  13   1        pin = PB1;
*** ERROR C202 IN LINE 13 OF debounce.c: 'PB1': undefined identifier
  14   1        count_ones_pb1 += (unsigned char)pin;
  15   1        d_key_pb1 = (bit) ((4-count_ones_pb1)>>7);
  16   1        count_ones_pb1 -= (window_pb1>>7);
  17   1        
  18   1        window_pb1 <<=1;
  19   1        window_pb1 |= (unsigned char)pin;
  20   1      }
  21          
  22          void debounce_pb2(void){
  23   1        d_key_pb2_n = d_key_pb2;
  24   1        pin = PB2;
*** ERROR C202 IN LINE 24 OF debounce.c: 'PB2': undefined identifier
  25   1        count_ones_pb2 += (unsigned char)pin;
  26   1        d_key_pb2 = (bit) ((4-count_ones_pb2)>>7);
  27   1        count_ones_pb2 -= (window_pb2>>7);
  28   1        
  29   1        window_pb2 <<=1;
  30   1        window_pb2 |= (unsigned char)pin;
  31   1      }
  32          
  33          void init_debounce(void){
  34   1        count_ones_pb1 = 8;
  35   1        count_ones_pb2 = 8;
  36   1        window_pb1 = 0xFF;
  37   1        window_pb2 = 0xFF;
  38   1        d_key_pb1 = 1;
  39   1        d_key_pb1_n = 1;
  40   1        d_key_pb2 = 1;
  41   1        d_key_pb2_n = 1;
  42   1      }
  43          
  44          void debounce(void){
  45   1        debounce_pb1();
  46   1        debounce_pb2();
  47   1      }

C51 COMPILATION COMPLETE.  1 WARNING(S),  4 ERROR(S)
