C51 COMPILER V9.60.7.0   INIT                                                              09/27/2023 21:44:09 PAGE 1   


C51 COMPILER V9.60.7.0, COMPILATION OF MODULE INIT
OBJECT MODULE PLACED IN .\Objects\init.obj
COMPILER INVOKED BY: C:\Keil_v5\C51\BIN\C51.EXE init.c OPTIMIZE(0,SPEED) BROWSE DEBUG OBJECTEXTEND PRINT(.\Listings\init
                    -.lst) TABS(2) OBJECT(.\Objects\init.obj)

line level    source

   1          #include <SI_EFM8BB3_Register_Enums.h>
*** WARNING C318 IN LINE 1 OF init.c: can't open file 'SI_EFM8BB3_Register_Enums.h'
   2          #include <stdio.h>
   3          
   4          void init_cpu_clock49(void){
   5   1        WDTCN = 0xDE;     //WATCH DOG
*** ERROR C202 IN LINE 5 OF init.c: 'WDTCN': undefined identifier
   6   1        WDTCN = 0xAD;     //WATCH DOG
*** ERROR C202 IN LINE 6 OF init.c: 'WDTCN': undefined identifier
   7   1        SFRPAGE = 0x10; //SFRPAGE to 1
*** ERROR C202 IN LINE 7 OF init.c: 'SFRPAGE': undefined identifier
   8   1        PFE0CN |= (1<<4); //FLRT bit a 1
*** ERROR C202 IN LINE 8 OF init.c: 'PFE0CN': undefined identifier
   9   1        SFRPAGE = 0;     //SFRPAGE a 0
*** ERROR C202 IN LINE 9 OF init.c: 'SFRPAGE': undefined identifier
  10   1        CLKSEL = 0;
*** ERROR C202 IN LINE 10 OF init.c: 'CLKSEL': undefined identifier
  11   1        CLKSEL = 0;
*** ERROR C202 IN LINE 11 OF init.c: 'CLKSEL': undefined identifier
  12   1        CLKSEL |= 0x03;
*** ERROR C202 IN LINE 12 OF init.c: 'CLKSEL': undefined identifier
  13   1        CLKSEL |= 0x03;
*** ERROR C202 IN LINE 13 OF init.c: 'CLKSEL': undefined identifier
  14   1      }
  15          void init_timer1(void){
  16   1        CKCON0 = 0x08;
*** ERROR C202 IN LINE 16 OF init.c: 'CKCON0': undefined identifier
  17   1        TCON_TR1 = 0;
*** ERROR C202 IN LINE 17 OF init.c: 'TCON_TR1': undefined identifier
  18   1        TMOD = 0x20 ; 
*** ERROR C202 IN LINE 18 OF init.c: 'TMOD': undefined identifier
  19   1        TH1 = 43;      //BAUD RATE 115200
*** ERROR C202 IN LINE 19 OF init.c: 'TH1': undefined identifier
  20   1        TL1 = 43;      //BAUD RATE 115200
*** ERROR C202 IN LINE 20 OF init.c: 'TL1': undefined identifier
  21   1        TCON_TR1 = 1;
*** ERROR C202 IN LINE 21 OF init.c: 'TCON_TR1': undefined identifier
  22   1        TCON_TF1 = 0;
*** ERROR C202 IN LINE 22 OF init.c: 'TCON_TF1': undefined identifier
  23   1      }
  24          
  25          void init_xbar(void){
  26   1        XBR2 = 0x40;
*** ERROR C202 IN LINE 26 OF init.c: 'XBR2': undefined identifier
  27   1        //XBR0 = 0x01;
  28   1        XBR2 |= 1;
*** ERROR C202 IN LINE 28 OF init.c: 'XBR2': undefined identifier
  29   1      }
  30          
  31          /*void init_uart0(void){
  32            SCON0_REN = 1;
  33            SCON0_TI = 1;
  34          }
  35          */
C51 COMPILER V9.60.7.0   INIT                                                              09/27/2023 21:44:09 PAGE 2   

  36          
  37          void init_uart1(void){
  38   1        P0SKIP = 0x0F;
*** ERROR C202 IN LINE 38 OF init.c: 'P0SKIP': undefined identifier
  39   1        SFRPAGE = 0x20;
*** ERROR C202 IN LINE 39 OF init.c: 'SFRPAGE': undefined identifier
  40   1        SCON1 = 0x12;
*** ERROR C202 IN LINE 40 OF init.c: 'SCON1': undefined identifier
  41   1        SMOD1 = 0x0c;
*** ERROR C202 IN LINE 41 OF init.c: 'SMOD1': undefined identifier
  42   1        SBCON1 = 0x43;
*** ERROR C202 IN LINE 42 OF init.c: 'SBCON1': undefined identifier
  43   1        SBRLH1 = 0xFF;
*** ERROR C202 IN LINE 43 OF init.c: 'SBRLH1': undefined identifier
  44   1        SBRLL1 = 0x2b;
*** ERROR C202 IN LINE 44 OF init.c: 'SBRLL1': undefined identifier
  45   1        SFRPAGE = 0x0;
*** ERROR C202 IN LINE 45 OF init.c: 'SFRPAGE': undefined identifier
  46   1      }
  47          
  48          extern void init_device(void){  
  49   1        init_cpu_clock49(); 
  50   1        init_xbar();
  51   1        //init_uart0();
  52   1        init_uart1();
  53   1        init_timer1();
  54   1      }

C51 COMPILATION COMPLETE.  1 WARNING(S),  26 ERROR(S)
