C51 COMPILER V9.60.7.0   TU_USART0                                                         11/10/2023 20:58:24 PAGE 1   


C51 COMPILER V9.60.7.0, COMPILATION OF MODULE TU_USART0
OBJECT MODULE PLACED IN .\Objects\tu_usart0.obj
COMPILER INVOKED BY: C:\Keil_v5\C51\BIN\C51.EXE tu_usart0.c OPTIMIZE(0,SPEED) BROWSE DEBUG OBJECTEXTEND PRINT(.\Listings
                    -\tu_usart0.lst) TABS(2) OBJECT(.\Objects\tu_usart0.obj)

line level    source

   1          #include <REG51F380.H>
   2          #include <stdio.h>
   3          #include "config_platform.h"
   4          #include "serialIO.h"
   5          
   6          char code message0[] = "Hello uart0 m0\r\n";
   7          char code message1[] = "Hello uart0 m1\r\n";
   8          
   9          void main(void){
  10   1        char c = 0;
  11   1        char code *ptr;
  12   1        Init_Device();
  13   1        uart0_initialize();
  14   1        EA=1;
  15   1          
  16   1        for(ptr = (char code*)message0; *ptr!= '\0'; ptr++){
  17   2          while(uart0_putchar(*ptr)== -ENOBUFS);
  18   2        }
  19   1        
  20   1        printf(message1);
  21   1        
  22   1        
  23   1        while(1) {
  24   2          //scanf("%c",&c);
  25   2          c = _getkey();
  26   2          putchar(c);
  27   2          putchar('\n');
  28   2        }
  29   1        
  30   1      }


MODULE INFORMATION:   STATIC OVERLAYABLE
   CODE SIZE        =     86    ----
   CONSTANT SIZE    =     34    ----
   XDATA SIZE       =   ----    ----
   PDATA SIZE       =   ----    ----
   DATA SIZE        =      3    ----
   IDATA SIZE       =   ----    ----
   BIT SIZE         =   ----    ----
END OF MODULE INFORMATION.


C51 COMPILATION COMPLETE.  0 WARNING(S),  0 ERROR(S)
