C51 COMPILER V9.60.7.0   GUIAO1                                                            09/27/2023 19:44:53 PAGE 1   


C51 COMPILER V9.60.7.0, COMPILATION OF MODULE GUIAO1
OBJECT MODULE PLACED IN .\Objects\guiao1.obj
COMPILER INVOKED BY: C:\Keil_v5\C51\BIN\C51.EXE guiao1.c OPTIMIZE(0,SPEED) BROWSE DEBUG OBJECTEXTEND PRINT(.\Listings\gu
                    -iao1.lst) TABS(2) OBJECT(.\Objects\guiao1.obj)

line level    source

   1          #include <REG51F380.H>
   2          
   3          sbit seg_A = P2^7;
   4          
   5          void init_device(void)
   6          {
   7   1          //WD
   8   1          PCA0MD  = 0x00;
   9   1          // enable cross-bar for I/Os
  10   1          XBR1    = 0x40;
  11   1          FLSCL   = 0x90;
  12   1          CLKSEL  = 0x03;
  13   1          
  14   1      }
  15          void simple_delay()
  16          {
  17   1          unsigned int i;
  18   1      
  19   1          for (i = 0; i <(unsigned int) 32768; i++)
  20   1          {
  21   2            
  22   2          }
  23   1      }
  24          void main()
  25          {
  26   1          init_device();
  27   1      
  28   1          while (1)
  29   1          {
  30   2              seg_A ^= 1;
  31   2              simple_delay();
  32   2          }
  33   1      }


MODULE INFORMATION:   STATIC OVERLAYABLE
   CODE SIZE        =     51    ----
   CONSTANT SIZE    =   ----    ----
   XDATA SIZE       =   ----    ----
   PDATA SIZE       =   ----    ----
   DATA SIZE        =      2    ----
   IDATA SIZE       =   ----    ----
   BIT SIZE         =   ----    ----
END OF MODULE INFORMATION.


C51 COMPILATION COMPLETE.  0 WARNING(S),  0 ERROR(S)
