C51 COMPILER V9.60.7.0   CONFIG_PLATFORM                                                   12/30/2023 03:33:00 PAGE 1   


C51 COMPILER V9.60.7.0, COMPILATION OF MODULE CONFIG_PLATFORM
OBJECT MODULE PLACED IN .\Objects\config_platform.obj
COMPILER INVOKED BY: C:\Keil_v5\C51\BIN\C51.EXE config_platform.c OPTIMIZE(0,SPEED) BROWSE DEBUG OBJECTEXTEND PRINT(.\Li
                    -stings\config_platform.lst) TABS(2) OBJECT(.\Objects\config_platform.obj)

line level    source

   1          #include <REG51F380.H>
   2          
   3          
   4            /* enable cross-bar for I/Os 
   5             * PB1 = 0.6; PB2 = 0.7;
   6             * 7seg display = P2;
   7             * uart0 tx = 0.4; uart rx = 0.5 
   8             * i2c SDA = 0.2; i2c SCK = 0.3;
   9            */
  10          
  11          
  12          // Peripheral specific initialization functions,
  13          // Called from the Init_Device() function
  14          void PCA_Init()
  15          {
  16   1          PCA0MD    &= ~0x40;
  17   1          PCA0MD    = 0x00;
  18   1      }
  19          
  20          
  21          
  22          void Port_IO_Init()
  23          {
  24   1          XBR1      = 0x40;
  25   1      }
  26          
  27          
  28          void Oscillator_Init()
  29          {
  30   1          FLSCL     = 0x90;
  31   1          CLKSEL    = 0x03;
  32   1          P0MDOUT   = 0x04;
  33   1      }
  34          
  35          // Initialization function for device,
  36          // Call Init_Device() from your main program
  37          void Init_Device(void)
  38          {
  39   1          PCA_Init();
  40   1          Oscillator_Init();
  41   1          Port_IO_Init();
  42   1          
  43   1      }


MODULE INFORMATION:   STATIC OVERLAYABLE
   CODE SIZE        =     31    ----
   CONSTANT SIZE    =   ----    ----
   XDATA SIZE       =   ----    ----
   PDATA SIZE       =   ----    ----
   DATA SIZE        =   ----    ----
   IDATA SIZE       =   ----    ----
   BIT SIZE         =   ----    ----
END OF MODULE INFORMATION.

C51 COMPILER V9.60.7.0   CONFIG_PLATFORM                                                   12/30/2023 03:33:00 PAGE 2   


C51 COMPILATION COMPLETE.  0 WARNING(S),  0 ERROR(S)
