C51 COMPILER V9.60.7.0   DISPLAY                                                           01/09/2024 18:31:50 PAGE 1   


C51 COMPILER V9.60.7.0, COMPILATION OF MODULE DISPLAY
OBJECT MODULE PLACED IN .\Objects\display.obj
COMPILER INVOKED BY: C:\Keil_v5\C51\BIN\C51.EXE display.c OPTIMIZE(0,SPEED) BROWSE DEBUG OBJECTEXTEND PRINT(.\Listings\d
                    -isplay.lst) TABS(2) OBJECT(.\Objects\display.obj)

line level    source

   1          #include <REG51F380.H>
   2          #include <stdio.h>
   3          #include "lcd1602.h"
   4          #include "serialIO.h"
   5          #include "delay.h"
   6          
   7          #define LCD_ADDR_W 0x4E
   8          #define LCD_ADDR_R 0x4F
   9          
  10          unsigned char buffTemp[16];
  11          unsigned char buffHum[16];
  12          
  13          
  14          void display(){
  15   1        
  16   1          char i;
  17   1          for (i = 0; i < 32; i++) {
  18   2              char c = uart0_getchar();
  19   2      
  20   2              if (i < 16) {
  21   3                  buffTemp[i] = c;
  22   3              }
  23   2      
  24   2              if (i >= 16 && i < 32) {
  25   3                  buffHum[i - 16] = c;
  26   3              }
  27   2          }
  28   1          
  29   1            
  30   1          lcd1602Clear(LCD_ADDR_W);     // clear the memory
  31   1      
  32   1          lcd1602Control(LCD_ADDR_W, 1,0,0); // backlight on, underline on, blink block on 
  33   1          
  34   1          lcd1602SetCursor(LCD_ADDR_W, 0, 0);
  35   1              
  36   1      
  37   1            
  38   1      
  39   1          lcd1602WriteString(LCD_ADDR_W, buffTemp);
  40   1      
  41   1          
  42   1            
  43   1          lcd1602Control(LCD_ADDR_W, 1,0,0); // backlight on, underline off, blink block on 
  44   1          
  45   1          lcd1602SetCursor(LCD_ADDR_W, 0, 1);
  46   1          
  47   1          
  48   1          
  49   1          lcd1602WriteString(LCD_ADDR_W, buffHum);
  50   1          
  51   1          delay_ms(500);
  52   1      
  53   1          
  54   1          lcd1602Shutdown(LCD_ADDR_W);
C51 COMPILER V9.60.7.0   DISPLAY                                                           01/09/2024 18:31:50 PAGE 2   

  55   1          
  56   1          lcd1602Init(LCD_ADDR_W);
  57   1      }


MODULE INFORMATION:   STATIC OVERLAYABLE
   CODE SIZE        =    150    ----
   CONSTANT SIZE    =   ----    ----
   XDATA SIZE       =   ----    ----
   PDATA SIZE       =   ----    ----
   DATA SIZE        =     34    ----
   IDATA SIZE       =   ----    ----
   BIT SIZE         =   ----    ----
END OF MODULE INFORMATION.


C51 COMPILATION COMPLETE.  0 WARNING(S),  0 ERROR(S)
