C51 COMPILER V9.60.7.0   INIT_DEVICE                                                       12/27/2023 18:32:29 PAGE 1   


C51 COMPILER V9.60.7.0, COMPILATION OF MODULE INIT_DEVICE
OBJECT MODULE PLACED IN .\Objects\init_device.obj
COMPILER INVOKED BY: C:\Keil_v5\C51\BIN\C51.EXE init_device.c OPTIMIZE(0,SPEED) BROWSE DEBUG OBJECTEXTEND PRINT(.\Listin
                    -gs\init_device.lst) TABS(2) OBJECT(.\Objects\init_device.obj)

line level    source

   1          #include <REG51F380.H>
   2          
   3          void init_device(void){
   4   1        
   5   1        /* Disable WDT */
   6   1        PCA0MD    = 0x00;
   7   1        /* select clock source */
   8   1        FLSCL     = 0x90;
   9   1        CLKSEL    = 0x03;
  10   1        /* enable cross-bar for I/Os 
  11   1         * PB1 = 0.6; PB2 = 0.7;
  12   1         * 7seg display = P2;
  13   1         * uart0 tx = 0.4; uart rx = 0.5 
  14   1         * i2c SDA = 0.2; i2c SCK = 0.3;
  15   1        */
  16   1      
  17   1        // To Work with the i2c/LCD
  18   1        P0MDOUT   = 0x04;
  19   1        
  20   1        XBR1      = 0x40;
  21   1        /* enable uart0 with TX pin on P0.4 and RX pin on P0.5 */
  22   1        XBR0      = 0x01;
  23   1      
  24   1      }


MODULE INFORMATION:   STATIC OVERLAYABLE
   CODE SIZE        =     19    ----
   CONSTANT SIZE    =   ----    ----
   XDATA SIZE       =   ----    ----
   PDATA SIZE       =   ----    ----
   DATA SIZE        =   ----    ----
   IDATA SIZE       =   ----    ----
   BIT SIZE         =   ----    ----
END OF MODULE INFORMATION.


C51 COMPILATION COMPLETE.  0 WARNING(S),  0 ERROR(S)
