C51 COMPILER V9.60.7.0   RANDTH                                                            12/27/2023 17:10:08 PAGE 1   


C51 COMPILER V9.60.7.0, COMPILATION OF MODULE RANDTH
OBJECT MODULE PLACED IN .\Objects\randTH.obj
COMPILER INVOKED BY: C:\Keil_v5\C51\BIN\C51.EXE randTH.c OPTIMIZE(0,SPEED) BROWSE DEBUG OBJECTEXTEND PRINT(.\Listings\ra
                    -ndTH.lst) TABS(2) OBJECT(.\Objects\randTH.obj)

line level    source

   1          #include <stdlib.h>
   2          
   3          
   4          static const int randomTable[] = { 123, 456, 789, 234, 567, 890, 345, 678, 901, 432 };
   5          
   6          // Function to generate a random value between min and max
   7          double getRandomValue(double min, double max) {
   8   1          // Select a random index from the table
   9   1          int index = rand() % (sizeof(randomTable) / sizeof(randomTable[0]));
  10   1      
  11   1          // Map the selected index to the desired range
  12   1          return min + (randomTable[index] / (double)RAND_MAX) * (max - min);
  13   1      }


MODULE INFORMATION:   STATIC OVERLAYABLE
   CODE SIZE        =    108    ----
   CONSTANT SIZE    =   ----    ----
   XDATA SIZE       =   ----    ----
   PDATA SIZE       =   ----    ----
   DATA SIZE        =     30    ----
   IDATA SIZE       =   ----    ----
   BIT SIZE         =   ----    ----
END OF MODULE INFORMATION.


C51 COMPILATION COMPLETE.  0 WARNING(S),  0 ERROR(S)
