C51 COMPILER V9.60.7.0   STATE_MACHINE                                                     10/27/2023 12:36:55 PAGE 1   


C51 COMPILER V9.60.7.0, COMPILATION OF MODULE STATE_MACHINE
OBJECT MODULE PLACED IN .\Objects\state_machine.obj
COMPILER INVOKED BY: C:\Keil_v5\C51\BIN\C51.EXE state_machine.c OPTIMIZE(0,SPEED) BROWSE DEBUG OBJECTEXTEND PRINT(.\List
                    -ings\state_machine.lst) TABS(2) OBJECT(.\Objects\state_machine.obj)

line level    source

   1          #include <REG51F380.H>
   2          #include "init_device.h"
   3          #include <string.h>
   4          
   5          #define B_TF3H 7
   6          #define B_TR3 2
   7          #define B_ET3 7
   8          
   9          sbit pb1 = P0^6;
  10          sbit pb2 = P0^7;
  11          
  12          //chave por defeito               8     0     5     1
  13          unsigned char default_key[4] = {0x80, 0xC0, 0x92, 0xF9};
  14           
  15          //                                  L     0     1     2     3     4     5     6     7     8     9
  16          unsigned char digits_array[11] = {0xC7, 0xC0, 0xF9, 0xA4, 0xB0, 0x99, 0x92, 0x82, 0xF8, 0x80, 0x90};
  17          
  18          
  19          unsigned char button1pressed; //flags se os botoes sao clicados
  20          unsigned char button2pressed;
  21          unsigned int wrongkeycount;
  22           
  23          
  24          /*********************************************************/
  25          typedef enum ENUM_STATES {S1 = 0, S2, S3, S4, S5} e_states;
  26          
  27          e_states state, nextstate;
  28          
  29          /* function prototypes */
  30          void state_1(void);
  31          void state_2(void);
  32          void state_3(void);
  33          void state_4(void);
  34          void state_5(void);
  35          
  36          void timer3_init_auto(int reload){
  37   1      
  38   1        TMR3CN = 0;
  39   1      
  40   1        #define B_T3MH 7  
  41   1      
  42   1        CKCON &= ~((1 << B_T3MH));
  43   1        
  44   1        TMR3H = (reload) >> 8;
  45   1        TMR3L = (reload);
  46   1      
  47   1        TMR3RLH = (reload) >> 8;
  48   1        TMR3RLL = (reload);
  49   1        
  50   1      }
  51          
  52          
  53          void timer2_init_auto(int reload){
  54   1      
C51 COMPILER V9.60.7.0   STATE_MACHINE                                                     10/27/2023 12:36:55 PAGE 2   

  55   1        TMR2CN = 0;
  56   1      
  57   1        #define B_T2MH 5  
  58   1      
  59   1        CKCON &= ~((1 << B_T2MH));
  60   1        
  61   1        TMR2H = (reload) >> 8;
  62   1        TMR2L = (reload);
  63   1      
  64   1        TMR2RLH = (reload) >> 8;
  65   1        TMR2RLL = (reload);
  66   1        
  67   1      }
  68          
  69          void delay_250us(){
  70   1        while(!(TMR3CN & (1 << B_TF3H)));
  71   1        TMR3CN &= ~(1 << B_TF3H);  
  72   1      }
  73          
  74          void delay_s(unsigned int s) {
  75   1          unsigned int i = 0;
  76   1      
  77   1          while(i != (s*100)) {
  78   2              i++;
  79   2              while(!TF2H);
  80   2              TF2H = 0;
  81   2          }
  82   1      }
  83          
  84          
  85          void square_wave(){
  86   1        while (1){ // mudar para aceitar a HWFLAG
  87   2          //HIGH
  88   2          P1 |= 0x80;
  89   2          delay_250us();
  90   2          //LOW
  91   2          P1 &= ~(0x80);
  92   2          delay_250us();    
  93   2        }
  94   1      }
  95          
  96          bit validate_key(unsigned char v1[4], unsigned char v2[4]){
  97   1        return memcmp(v1, v2, 4) == 0;
  98   1      }
  99          
 100          //DEBOUNCE
 101          unsigned int debounce(bit PB){
 102   1              char window = 0;  
 103   1              unsigned int j;
 104   1          for(j = 0; j < 8; j++) {
 105   2              window = (window << 1) | PB;
 106   2          }
 107   1          return window;
 108   1      }
 109          
 110          void read_key(){
 111   1          unsigned char button1pressed; //flags se os botoes sao clicados
 112   1          unsigned char button2pressed;
 113   1          unsigned int digit_index;     //index dos digitos
 114   1          unsigned int index_input_key; //index da key a ser lida
 115   1          unsigned char input_key[4];
 116   1          
C51 COMPILER V9.60.7.0   STATE_MACHINE                                                     10/27/2023 12:36:55 PAGE 3   

 117   1      
 118   1        if(!debounce(pb2) && !button2pressed){
 119   2            button2pressed = 1; 
 120   2            input_key[index_input_key] = digits_array[digit_index];
 121   2            index_input_key++;
 122   2            digit_index = 0;
 123   2          }
 124   1          if(index_input_key == 4){
 125   2            if(validate_key(input_key,default_key)){
 126   3              index_input_key = 0;
 127   3              wrongkeycount = 0;
 128   3              nextstate = S2;
 129   3            }
 130   2            else{
 131   3              index_input_key = 0;
 132   3              nextstate = S3;
 133   3            }
 134   2          }
 135   1          if(debounce(pb2)){
 136   2            button2pressed = 0;
 137   2          }
 138   1        
 139   1          if(!debounce(pb1) && !button1pressed) {
 140   2            
 141   2            button1pressed = 1;            
 142   2            if (digit_index < 11) {
 143   3              digit_index++;
 144   3            }
 145   2            if (digit_index > 10){
 146   3              digit_index = 0;
 147   3            }
 148   2          }
 149   1          if(debounce(pb1)){
 150   2            button1pressed = 0;
 151   2          }
 152   1      
 153   1          P2 = digits_array[digit_index];
 154   1      }
 155          
 156          void errorhandling(){
 157   1          wrongkeycount++;
 158   1          if(wrongkeycount == 1){
 159   2            P2 = 0x86; // E
 160   2            delay_s(1); //diz que foi erro pelo E no display passado 1 segundo muda para C de close e espera mais 4
             - segundos num total de 5 segundos
 161   2            P2 = 0xC6; // C
 162   2            delay_s(4);//wait 4 secs
 163   2            nextstate = S1;
 164   2          }
 165   1          if(wrongkeycount == 2){
 166   2            P2 = 0x86; // E
 167   2            delay_s(1); //diz que foi erro pelo E no display passado 1 segundo muda para C de close e espera mais 9
             - segundos
 168   2            P2 = 0xC6; // C
 169   2            delay_s(9);//wait 9 secs
 170   2            nextstate = S1;
 171   2          }
 172   1          if(wrongkeycount == 3){
 173   2            P2 = 0x86; // E
 174   2            delay_s(1); //diz que foi erro pelo E no display passado 1 segundo muda para C de close e espera mais 1
             -4 segundos
 175   2            P2 = 0xC6; // C
C51 COMPILER V9.60.7.0   STATE_MACHINE                                                     10/27/2023 12:36:55 PAGE 4   

 176   2            delay_s(14);//wait 14 secs
 177   2            nextstate = S1;
 178   2          }
 179   1          if(wrongkeycount == 4){
 180   2            P2 = 0x86; // E
 181   2            delay_s(1); //diz que foi erro pelo E no display passado 1 segundo muda para C de close e espera mais 1
             -9 segundos
 182   2            P2 = 0xC6; // C
 183   2            delay_s(19);//wait 19 secs
 184   2            nextstate = S1;
 185   2          }
 186   1          if(wrongkeycount == 5){
 187   2            nextstate = S4;
 188   2          }
 189   1      }
 190          
 191          void change_key(){//                O       P     C
 192   1          unsigned int open_change[3] = {0xA3 , 0x8C, 0xC6};
 193   1          unsigned int index;
 194   1          
 195   1          if(!debounce(pb2) && !button2pressed){
 196   2            button2pressed = 1;
 197   2            if(open_change[index] == 0x8C){
 198   3              nextstate = S5;
 199   3              index = 0;
 200   3            }
 201   2            if(open_change[index] == 0xC6){
 202   3              nextstate = S1;
 203   3              index = 0;
 204   3            }
 205   2          }
 206   1          
 207   1          if(debounce(pb2)){
 208   2            button2pressed = 0;
 209   2          }
 210   1          
 211   1          if(!debounce(pb1) && !button1pressed){
 212   2            
 213   2            
 214   2            button1pressed = 1;            
 215   2            if (index < 3){
 216   3              index++;
 217   3            }
 218   2            if (index > 2){
 219   3              index = 0;
 220   3            }
 221   2          }
 222   1          
 223   1          if(debounce(pb1)){
 224   2            button1pressed = 0;
 225   2          }
 226   1      
 227   1          P2 = open_change[index];
 228   1        
 229   1      }
 230          void set_key(){//                 P     0     1     2     3     4     5     6     7     8     9
 231   1          unsigned int set_key[11] = {0x8C, 0xC0, 0xF9, 0xA4, 0xB0, 0x99, 0x92, 0x82, 0xF8, 0x80, 0x90};
 232   1          unsigned int index;
 233   1          unsigned int index_new_key;
 234   1          
 235   1          if(!debounce(pb2) && !button2pressed){
 236   2            button2pressed = 1;
C51 COMPILER V9.60.7.0   STATE_MACHINE                                                     10/27/2023 12:36:55 PAGE 5   

 237   2            default_key[index_new_key] = set_key[index];
 238   2            index_new_key++;
 239   2            index = 0;
 240   2          }
 241   1          
 242   1          if(index_new_key == 4){
 243   2            index_new_key = 0;
 244   2            nextstate = S1;
 245   2          }
 246   1          
 247   1          if(debounce(pb2)){
 248   2            button2pressed = 0;
 249   2          }
 250   1          
 251   1          if(!debounce(pb1) && !button1pressed){
 252   2            
 253   2            button1pressed = 1;            
 254   2            if (index < 11){
 255   3              index++;
 256   3            }
 257   2            if (index > 10){
 258   3              index = 0;
 259   3            }
 260   2          }
 261   1          
 262   1          if(debounce(pb1)){
 263   2            button1pressed = 0;
 264   2          }
 265   1      
 266   1          P2 = set_key[index];
 267   1      }
 268          
 269          
 270          /*********************************************************/ 
 271          //                          close/locked    open    error     alarm   set_key
 272          void (*state_process [])(void) = {state_1, state_2, state_3, state_4, state_5};
 273          
 274          
 275          void state_1(void){
 276   1          read_key();
 277   1          P1 = 0x10;
 278   1      }
 279          void state_2(void){
 280   1          change_key();
 281   1          P1 &= ~0x10;
 282   1      }
 283          void state_3(void){
 284   1          errorhandling();
 285   1      }
 286          void state_4(void){
 287   1          P2 = 0x88;
 288   1          square_wave();
 289   1      }
 290          void state_5(void){
 291   1          set_key();
 292   1      }
 293          
 294          /*********************************************************/
 295          void encode_FSM(){
 296   1          state_process[state] ();
 297   1      }
 298          
C51 COMPILER V9.60.7.0   STATE_MACHINE                                                     10/27/2023 12:36:55 PAGE 6   

 299          /*********************************************************/
 300          
 301          
 302          /*********************************************************
 303           *    main function                                      *
 304           *********************************************************/
 305          void main (void){
 306   1        
 307   1        Init_Device(); 
 308   1        
 309   1        timer2_init_auto(-40000);
 310   1        timer3_init_auto(-1000);
 311   1        
 312   1        state = nextstate = S1;
 313   1        
 314   1        //Set by hardware when the Timer 2/3 high byte overflows from 0xFF to 0x00. In 16 bit 
 315   1        //mode, this will occur when Timer 2/3 overflows from 0xFFFF to 0x0000.   
 316   1        TF2H = 0; 
 317   1        TMR3CN &= ~(1 << B_TF3H);
 318   1        
 319   1        // Enable Flag Timer 2/3 Overflow
 320   1        ET2 = 1;
 321   1        EIE1 |= (1 << B_ET3);
 322   1        
 323   1        // Timer 2/3 Run Control. Timer 2/3 is enabled by setting this bit to 1. 
 324   1        TMR3CN |= (1 << B_TR3);
 325   1        TR2 = 1;
 326   1            
 327   1        while (1) {
 328   2          encode_FSM();
 329   2          state = nextstate;
 330   2        }
 331   1      }


MODULE INFORMATION:   STATIC OVERLAYABLE
   CODE SIZE        =   1093    ----
   CONSTANT SIZE    =     28    ----
   XDATA SIZE       =   ----    ----
   PDATA SIZE       =   ----    ----
   DATA SIZE        =     97    ----
   IDATA SIZE       =   ----    ----
   BIT SIZE         =      1    ----
END OF MODULE INFORMATION.


C51 COMPILATION COMPLETE.  0 WARNING(S),  0 ERROR(S)
