C51 COMPILER V9.60.7.0   TU_USART0                                                         01/07/2024 16:32:11 PAGE 1   


C51 COMPILER V9.60.7.0, COMPILATION OF MODULE TU_USART0
OBJECT MODULE PLACED IN .\Objects\tu_usart0.obj
COMPILER INVOKED BY: C:\Keil_v5\C51\BIN\C51.EXE tu_usart0.c OPTIMIZE(0,SPEED) BROWSE DEBUG OBJECTEXTEND PRINT(.\Listings
                    -\tu_usart0.lst) TABS(2) OBJECT(.\Objects\tu_usart0.obj)

line level    source

   1          #include <REG51F380.H>
   2          #include <stdio.h>
   3          #include "config_platform.h"
   4          #include "serialIO.h"
   5          
   6          void test(void){
   7   1      
   8   1      
   9   1        while(1) {
  10   2          //scanf("%c",&c);
  11   2          char c = _getkey();
  12   2          putchar(c);
  13   2          putchar('\n');
  14   2        }
  15   1      }


MODULE INFORMATION:   STATIC OVERLAYABLE
   CODE SIZE        =     16    ----
   CONSTANT SIZE    =   ----    ----
   XDATA SIZE       =   ----    ----
   PDATA SIZE       =   ----    ----
   DATA SIZE        =      1    ----
   IDATA SIZE       =   ----    ----
   BIT SIZE         =   ----    ----
END OF MODULE INFORMATION.


C51 COMPILATION COMPLETE.  0 WARNING(S),  0 ERROR(S)
