C51 COMPILER V9.60.7.0   PROJETO                                                           10/15/2023 16:21:03 PAGE 1   


C51 COMPILER V9.60.7.0, COMPILATION OF MODULE PROJETO
OBJECT MODULE PLACED IN .\Objects\projeto.obj
COMPILER INVOKED BY: C:\Keil_v5\C51\BIN\C51.EXE projeto.c OPTIMIZE(8,SPEED) BROWSE DEBUG OBJECTEXTEND PRINT(.\Listings\p
                    -rojeto.lst) TABS(2) OBJECT(.\Objects\projeto.obj)

line level    source

   1          #include <REG51F380.H>
   2          
   3          sbit seg_A = P2^7;
   4          
   5          void init_device(void)
   6          {
   7   1          PCA0MD  = 0x00;
   8   1          // enable cross-bar for I/Os
   9   1          XBR1    = 0x40;
  10   1      }
  11          
  12          void configureTimer() {
  13   1          TMOD |= 0x01; // Set Timer 0 to Mode 1 (16-bit mode)
  14   1          TH0 = 0x4C;  // Set the high byte of the initial value for 0.5-second delay
  15   1          TL0 = 0x00;  // Set the low byte of the initial value
  16   1      
  17   1          // Enable Timer 0 interrupt
  18   1          ET0 = 1;
  19   1          EA = 1;
  20   1      
  21   1          // Start Timer 0
  22   1          TR0 = 1;
  23   1      }
  24          
  25          void timer0_isr() interrupt 1 {
  26   1          // Reset Timer values for a 0.5-second delay
  27   1          TH0 = 0x26;
  28   1          TL0 = 0x00;
  29   1      
  30   1          // Toggle seg_A pin
  31   1          seg_A = ~seg_A;
  32   1      }
  33          
  34          void main()
  35          {
  36   1          init_device();
  37   1      
  38   1          configureTimer();
  39   1      
  40   1          while (1)
  41   1          {
  42   2              // Your main program code here
  43   2          }
  44   1      }


MODULE INFORMATION:   STATIC OVERLAYABLE
   CODE SIZE        =     40    ----
   CONSTANT SIZE    =   ----    ----
   XDATA SIZE       =   ----    ----
   PDATA SIZE       =   ----    ----
   DATA SIZE        =   ----    ----
   IDATA SIZE       =   ----    ----
   BIT SIZE         =   ----    ----
C51 COMPILER V9.60.7.0   PROJETO                                                           10/15/2023 16:21:03 PAGE 2   

END OF MODULE INFORMATION.


C51 COMPILATION COMPLETE.  0 WARNING(S),  0 ERROR(S)
