C51 COMPILER V9.60.7.0   TIMER2_DELAY                                                      10/19/2023 18:39:58 PAGE 1   


C51 COMPILER V9.60.7.0, COMPILATION OF MODULE TIMER2_DELAY
OBJECT MODULE PLACED IN .\Objects\timer2_delay.obj
COMPILER INVOKED BY: C:\Keil_v5\C51\BIN\C51.EXE timer2_delay.c OPTIMIZE(0,SPEED) BROWSE NOAREGS DEBUG OBJECTEXTEND PRINT
                    -(.\Listings\timer2_delay.lst) TABS(2) OBJECT(.\Objects\timer2_delay.obj)

line level    source

   1          #include <REG51F380.H>
   2          #include "types.h"
   3          
   4          /*********************************************************/
   5          sbit seg_dp = P2^7;
   6          
   7          static int blink = 100;
   8          /*********************************************************/ 
   9          void System_Init(void){
  10   1         PCA0MD    = 0x00;
  11   1         FLSCL     = 0x90;
  12   1         CLKSEL    = 0x03;
  13   1         XBR1      = 0x40;
  14   1      }
  15          /*********************************************************/
  16          /* timer2 init code here */
  17          
  18          void timer2_init_auto(int reload){
  19   1      
  20   1      //SFR Definition 25.9. TMR2CN: Timer 2 Control
  21   1      //---------------------------------------------------------------
  22   1      //Bit |  7   |   6  |   5    |  4    |  3     | 2   |   1  |  0
  23   1      //---------------------------------------------------------------
  24   1      //Name| TF2H | TF2L | TF2LEN |TF2CEN |T2SPLIT | TR2 |T2CSS |T2XCLK
  25   1      //---------------------------------------------------------------
  26   1        // sysclock /12
  27   1        TMR2CN = 0;
  28   1      
  29   1      #define B_T2MH 5  
  30   1      //SFR Definition 25.1. CKCON: Clock Control
  31   1      //-------------------------------------------------------------
  32   1      //Bit |  7   |   6  |   5  |  4  |  3 | 2   |   1  |  0
  33   1      //-------------------------------------------------------------
  34   1      //Name| T3MH | T3ML | T2MH |T2ML |T1M | T0M |   SCA[1:0]
  35   1      //------------------------------------------------------------- 
  36   1        
  37   1        //Timer 2 high byte T2MH and low byte T2ML use the system clock
  38   1        CKCON &= ~((1 << B_T2MH));
  39   1        
  40   1        TMR2H = (reload) >> 8;
  41   1        TMR2L = (reload);
  42   1      
  43   1        TMR2RLH = (reload) >> 8;
  44   1        TMR2RLL = (reload);
  45   1      }
  46          
  47          /*********************************************************
  48           * my main loop                                          *
  49           *********************************************************/
  50          void main (void){
  51   1        
  52   1        
  53   1        System_Init(); 
  54   1        
C51 COMPILER V9.60.7.0   TIMER2_DELAY                                                      10/19/2023 18:39:58 PAGE 2   

  55   1        timer2_init_auto(-40000);
  56   1      
  57   1        //Set by hardware when the Timer 2 high byte overflows from 0xFF to 0x00. In 16 bit 
  58   1        //mode, this will occur when Timer 2 overflows from 0xFFFF to 0x0000.   
  59   1        TF2H = 0; 
  60   1        // Enable Flag Timer 2 Overflow
  61   1        ET2 = 1;
  62   1        // Timer 2 Run Control. Timer 2 is enabled by setting this bit to 1. 
  63   1        TR2 = 1;
  64   1        
  65   1        while(1){
  66   2          
  67   2          while(!TF2H);
  68   2          TF2H = 0;
  69   2          
  70   2      //    seg_dp ^=1; 
  71   2      
  72   2          if(--blink == 0){
  73   3            seg_dp ^= 1;
  74   3            blink = 100;
  75   3          } 
  76   2        }
  77   1      }


MODULE INFORMATION:   STATIC OVERLAYABLE
   CODE SIZE        =     97    ----
   CONSTANT SIZE    =   ----    ----
   XDATA SIZE       =   ----    ----
   PDATA SIZE       =   ----    ----
   DATA SIZE        =      4    ----
   IDATA SIZE       =   ----    ----
   BIT SIZE         =   ----    ----
END OF MODULE INFORMATION.


C51 COMPILATION COMPLETE.  0 WARNING(S),  0 ERROR(S)
