C51 COMPILER V9.60.0.0   GUIA1                                                             11/18/2020 13:44:50 PAGE 1   


C51 COMPILER V9.60.0.0, COMPILATION OF MODULE GUIA1
OBJECT MODULE PLACED IN .\Objects\guia1.obj
COMPILER INVOKED BY: C:\Keil_v5\C51\BIN\C51.EXE guia1.c OPTIMIZE(0,SPEED) BROWSE NOAREGS DEBUG OBJECTEXTEND PRINT(.\List
                    -ings\guia1.lst) TABS(2) OBJECT(.\Objects\guia1.obj)

line level    source

   1          /*  includes definition registers, memory, etc */
   2          #include <REG51F380.H>
   3          
   4          /*  declaration of an sbit variable 
   5              sbit keyword allows to define objects/variables 
   6              that can acess individual bits of bit-addressable SFRs
   7          */
   8          /* P2 = 0xA0 */
   9          sbit seg_A = P2^7;   //Allows seg_A =1 to be equivalent to SETB P2.7
  10          
  11          void Init_Device(void){
  12   1        PCA0MD = 0x00;
  13   1        XBR1 = 0x40;
  14   1      }
  15          
  16          void simple_delay(void){
  17   1        unsigned int i;
  18   1        
  19   1        for(i = 0; i < (unsigned int) 32768; i++)
  20   1        ;
  21   1      }
  22          
  23          void main(void){
  24   1        Init_Device();
  25   1        
  26   1        while(1){
  27   2        seg_A ^=1;
  28   2        simple_delay();
  29   2        }
  30   1      }
  31          


MODULE INFORMATION:   STATIC OVERLAYABLE
   CODE SIZE        =     45    ----
   CONSTANT SIZE    =   ----    ----
   XDATA SIZE       =   ----    ----
   PDATA SIZE       =   ----    ----
   DATA SIZE        =      2    ----
   IDATA SIZE       =   ----    ----
   BIT SIZE         =   ----    ----
END OF MODULE INFORMATION.


C51 COMPILATION COMPLETE.  0 WARNING(S),  0 ERROR(S)
