C51 COMPILER V9.60.7.0   TIMER2_DELAY                                                      10/18/2023 13:46:27 PAGE 1   


C51 COMPILER V9.60.7.0, COMPILATION OF MODULE TIMER2_DELAY
OBJECT MODULE PLACED IN .\Objects\timer2_delay.obj
COMPILER INVOKED BY: C:\Keil_v5\C51\BIN\C51.EXE timer2_delay.c OPTIMIZE(0,SPEED) BROWSE NOAREGS DEBUG OBJECTEXTEND PRINT
                    -(.\Listings\timer2_delay.lst) TABS(2) OBJECT(.\Objects\timer2_delay.obj)

line level    source

   1          #include <REG51F380.H>
   2          #include "types.h"
   3          
   4          /*********************************************************/
   5          
   6          /* P2 = 0xA0 */
   7          sbit seg_dp = P2^7;
   8          
   9          static int blink = 100;
  10          /*********************************************************/ 
  11          void System_Init(void){
  12   1         PCA0MD    = 0x00;
  13   1         FLSCL     = 0x90;
  14   1         CLKSEL    = 0x03;
  15   1         
  16   1         XBR1      = 0x40;
  17   1      }
  18          /*********************************************************/
  19          /* timer2 init code here */
  20          
  21          void timer2_init_auto(int reload){
  22   1      
  23   1      //SFR Definition 25.9. TMR2CN: Timer 2 Control
  24   1      //---------------------------------------------------------------
  25   1      //Bit |  7   |   6  |   5    |  4    |  3     | 2   |   1  |  0
  26   1      //---------------------------------------------------------------
  27   1      //Name| TF2H | TF2L | TF2LEN |TF2CEN |T2SPLIT | TR2 |T2CSS |T2XCLK
  28   1      //---------------------------------------------------------------
  29   1        // sysclock /12
  30   1        TMR2CN = 0;
  31   1      
  32   1      #define B_T2MH 5  
  33   1      //SFR Definition 25.1. CKCON: Clock Control
  34   1      //-------------------------------------------------------------
  35   1      //Bit |  7   |   6  |   5  |  4  |  3 | 2   |   1  |  0
  36   1      //-------------------------------------------------------------
  37   1      //Name| T3MH | T3ML | T2MH |T2ML |T1M | T0M |   SCA[1:0]
  38   1      //------------------------------------------------------------- 
  39   1        
  40   1        //Timer 2 high byte T2MH and low byte T2ML use the system clock
  41   1        CKCON &= ~((1 << B_T2MH));
  42   1        
  43   1        TMR2H = (reload) >> 8;
  44   1        TMR2L = (reload);
  45   1      
  46   1        TMR2RLH = (reload) >> 8;
  47   1        TMR2RLL = (reload);
  48   1      
  49   1      }
  50          
  51          /*********************************************************
  52           * my main loop                                          *
  53           *********************************************************/
  54          void main (void){
C51 COMPILER V9.60.7.0   TIMER2_DELAY                                                      10/18/2023 13:46:27 PAGE 2   

  55   1        
  56   1        
  57   1        System_Init(); 
  58   1        
  59   1        timer2_init_auto(-40000);
  60   1      
  61   1        //Set by hardware when the Timer 2 high byte overflows from 0xFF to 0x00. In 16 bit 
  62   1        //mode, this will occur when Timer 2 overflows from 0xFFFF to 0x0000.   
  63   1        TF2H = 0; 
  64   1        // Enable Flag Timer 2 Overflow
  65   1        ET2 = 1;
  66   1        // Timer 2 Run Control. Timer 2 is enabled by setting this bit to 1. 
  67   1        TR2 = 1;
  68   1        
  69   1        while(1){
  70   2          
  71   2          while(!TF2H);
  72   2          TF2H = 0;
  73   2          
  74   2      //    seg_dp ^=1; 
  75   2      
  76   2          if(--blink == 0){
  77   3            seg_dp ^= 1;
  78   3            blink = 100;
  79   3          } 
  80   2        }
  81   1      }


MODULE INFORMATION:   STATIC OVERLAYABLE
   CODE SIZE        =     97    ----
   CONSTANT SIZE    =   ----    ----
   XDATA SIZE       =   ----    ----
   PDATA SIZE       =   ----    ----
   DATA SIZE        =      4    ----
   IDATA SIZE       =   ----    ----
   BIT SIZE         =   ----    ----
END OF MODULE INFORMATION.


C51 COMPILATION COMPLETE.  0 WARNING(S),  0 ERROR(S)
