C51 COMPILER V9.60.7.0   TIMER2_INTERRUPT                                                  11/15/2023 19:36:58 PAGE 1   


C51 COMPILER V9.60.7.0, COMPILATION OF MODULE TIMER2_INTERRUPT
OBJECT MODULE PLACED IN .\Objects\timer2_interrupt.obj
COMPILER INVOKED BY: C:\Keil_v5\C51\BIN\C51.EXE timer2_interrupt.c OPTIMIZE(0,SPEED) BROWSE NOAREGS DEBUG OBJECTEXTEND P
                    -RINT(.\Listings\timer2_interrupt.lst) TABS(2) OBJECT(.\Objects\timer2_interrupt.obj)

line level    source

   1          #include <REG51F380.H>
   2          #include "types.h"
   3          
   4          
   5          /* P2 = 0xA0 */
   6          sbit seg_dp = P2^7;
   7          
   8          static int blink = 100;
   9          /*********************************************************/ 
  10          void System_Init(void){
  11   1         PCA0MD    &= ~0x40;
  12   1         PCA0MD    = 0x00;
  13   1         FLSCL     = 0x90;
  14   1         CLKSEL    = 0x03;
  15   1        
  16   1         XBR1      = 0x40;
  17   1      }
  18          /*********************************************************/
  19          /* timer2 init code here */
  20          
  21          void timer2_init_auto(int reload){
  22   1      
  23   1      //SFR Definition 25.9. TMR2CN: Timer 2 Control
  24   1      //---------------------------------------------------------------
  25   1      //Bit |  7   |   6  |   5    |  4    |  3     | 2   |   1  |  0
  26   1      //---------------------------------------------------------------
  27   1      //Name| TF2H | TF2L | TF2LEN |TF2CEN |T2SPLIT | TR2 |T2CSS |T2XCLK
  28   1      //---------------------------------------------------------------
  29   1        // sysclock /12
  30   1        TMR2CN = 0;
  31   1      
  32   1      #define B_T2MH 5  
  33   1      //SFR Definition 25.1. CKCON: Clock Control
  34   1      //-------------------------------------------------------------
  35   1      //Bit |  7   |   6  |   5  |  4  |  3 | 2   |   1  |  0
  36   1      //-------------------------------------------------------------
  37   1      //Name| T3MH | T3ML | T2MH |T2ML |T1M | T0M |   SCA[1:0]
  38   1      //------------------------------------------------------------- 
  39   1        
  40   1        //Timer 2 high byte T2MH and low byte T2ML use the system clock
  41   1        CKCON &= ~((1 << B_T2MH));
  42   1        
  43   1        TMR2H = (reload) >> 8;
  44   1        TMR2L = (reload);
  45   1      
  46   1        TMR2RLH = (reload) >> 8;
  47   1        TMR2RLL = (reload);
  48   1      
  49   1      }
  50          
  51          /*********************************************************/
  52          /* timer 2 isr code here */
  53          void timer2_isr(void) interrupt 5 using 2
  54          {
C51 COMPILER V9.60.7.0   TIMER2_INTERRUPT                                                  11/15/2023 19:36:58 PAGE 2   

  55   1        // sysclock /12 = 4MHz
  56   1        // 1s 4,000,000 ticks!
  57   1        // 10ms => 40000 ticks!
  58   1        
  59   1        if(--blink == 0){
  60   2          seg_dp ^= 1;
  61   2          blink = 100;
  62   2        }
  63   1          
  64   1        TF2H = 0; 
  65   1      }
  66          /*********************************************************
  67           * my main loop                                          *
  68           *********************************************************/
  69          void main (void){
  70   1        
  71   1        System_Init(); 
  72   1        
  73   1        timer2_init_auto(-40000);
  74   1      
  75   1        //Set by hardware when the Timer 2 high byte overflows from 0xFF to 0x00. In 16 bit 
  76   1        //mode, this will occur when Timer 2 overflows from 0xFFFF to 0x0000.   
  77   1        TF2H = 0; 
  78   1        // Enable Flag Timer 2 Overflow
  79   1        ET2 = 1;
  80   1        // Timer 2 Run Control. 
  81   1        // Timer 2 is enabled by setting this bit to 1. 
  82   1        TR2 = 1;
  83   1        // Enable All Interrupts.
  84   1        EA = 1; 
  85   1        
  86   1        while(1);
  87   1        
  88   1        
  89   1        // do whatever you want!!!!!!!!!!!!
  90   1        
  91   1      }
  92          
  93          
  94          //*********************************************************


MODULE INFORMATION:   STATIC OVERLAYABLE
   CODE SIZE        =    111    ----
   CONSTANT SIZE    =   ----    ----
   XDATA SIZE       =   ----    ----
   PDATA SIZE       =   ----    ----
   DATA SIZE        =      4    ----
   IDATA SIZE       =   ----    ----
   BIT SIZE         =   ----    ----
END OF MODULE INFORMATION.


C51 COMPILATION COMPLETE.  0 WARNING(S),  0 ERROR(S)
